2014-02-18 09:30:30: INFO     @ <pyramid.projector>:    Calling __init__
2014-02-18 09:30:30: INFO     @ <pyramid.projector>:    Calling __init__
2014-02-18 09:30:30: INFO     @ <pyramid.projector>:    Created <pyramid.projector.SimpleProjector object at 0x0DC7ECD0>
2014-02-18 09:30:30: INFO     @ <pyramid.projector>:    Created <pyramid.projector.SimpleProjector object at 0x0DC7ECD0>
2014-02-18 09:30:30: INFO     @ <pyramid.phasemap>:    Calling __str__
2014-02-18 09:30:30: INFO     @ <pyramid.phasemap>:    Created PhaseMap(a=1.0, dim_uv=(128, 128))
2014-02-18 09:30:30: INFO     @ <pyramid.phasemap>:    Calling __str__
2014-02-18 09:30:30: INFO     @ <pyramid.phasemap>:    Created PhaseMap(a=1.0, dim_uv=(128, 128))
2014-02-18 09:30:30: INFO     @ <pyramid.projector>:    Calling as function
2014-02-18 09:30:30: INFO     @ <pyramid.projector>:    mode == vector
2014-02-18 09:30:30: INFO     @ <pyramid.projector>:    Calling _vector_field_projection
2014-02-18 09:30:30: INFO     @ <pyramid.phasemap>:    Calling __str__
2014-02-18 09:30:30: INFO     @ <pyramid.phasemap>:    Created PhaseMap(a=1.0, dim_uv=(128, 128))
2014-02-18 09:30:30: INFO     @ <pyramid.phasemap>:    Calling __sub__
2014-02-18 09:30:30: INFO     @ <pyramid.phasemap>:    Calling __neg__
2014-02-18 09:30:30: INFO     @ <pyramid.phasemap>:    Calling __str__
2014-02-18 09:30:30: INFO     @ <pyramid.phasemap>:    Created PhaseMap(a=1.0, dim_uv=(128, 128))
2014-02-18 09:30:30: INFO     @ <pyramid.phasemap>:    Calling __add__
2014-02-18 09:30:30: INFO     @ <pyramid.phasemap>:    Adding two PhaseMap objects
2014-02-18 09:30:30: INFO     @ <pyramid.phasemap>:    Calling __str__
2014-02-18 09:30:30: INFO     @ <pyramid.phasemap>:    Created PhaseMap(a=1.0, dim_uv=(128, 128))
2014-02-18 09:30:30: INFO     @ <pyramid.phasemap>:    Calling display_phase
2014-02-18 09:30:30: INFO     @ <pyramid.projector>:    Calling as function
2014-02-18 09:30:30: INFO     @ <pyramid.projector>:    mode == vector
2014-02-18 09:30:30: INFO     @ <pyramid.projector>:    Calling _vector_field_projection
2014-02-18 09:30:30: INFO     @ <pyramid.phasemap>:    Calling __str__
2014-02-18 09:30:30: INFO     @ <pyramid.phasemap>:    Created PhaseMap(a=1.0, dim_uv=(128, 128))
2014-02-18 09:30:30: INFO     @ <pyramid.phasemap>:    Calling __sub__
2014-02-18 09:30:30: INFO     @ <pyramid.phasemap>:    Calling __neg__
2014-02-18 09:30:30: INFO     @ <pyramid.phasemap>:    Calling __str__
2014-02-18 09:30:30: INFO     @ <pyramid.phasemap>:    Created PhaseMap(a=1.0, dim_uv=(128, 128))
2014-02-18 09:30:30: INFO     @ <pyramid.phasemap>:    Calling __add__
2014-02-18 09:30:30: INFO     @ <pyramid.phasemap>:    Adding two PhaseMap objects
2014-02-18 09:30:30: INFO     @ <pyramid.phasemap>:    Calling __str__
2014-02-18 09:30:30: INFO     @ <pyramid.phasemap>:    Created PhaseMap(a=1.0, dim_uv=(128, 128))
2014-02-18 09:30:30: INFO     @ <pyramid.phasemap>:    Calling __isub__
2014-02-18 09:30:30: INFO     @ <pyramid.phasemap>:    Calling __sub__
2014-02-18 09:30:30: INFO     @ <pyramid.phasemap>:    Calling __add__
2014-02-18 09:30:30: INFO     @ <pyramid.phasemap>:    Adding an offset
2014-02-18 09:30:30: INFO     @ <pyramid.phasemap>:    Calling __str__
2014-02-18 09:30:30: INFO     @ <pyramid.phasemap>:    Created PhaseMap(a=1.0, dim_uv=(128, 128))
2014-02-18 09:30:30: INFO     @ <pyramid.phasemap>:    Calling display_phase
2014-02-18 09:30:31: INFO     @ <pyramid.projector>:    Calling as function
2014-02-18 09:30:31: INFO     @ <pyramid.projector>:    mode == vector
2014-02-18 09:30:31: INFO     @ <pyramid.projector>:    Calling _vector_field_projection
2014-02-18 09:30:31: INFO     @ <pyramid.phasemap>:    Calling __str__
2014-02-18 09:30:31: INFO     @ <pyramid.phasemap>:    Created PhaseMap(a=1.0, dim_uv=(128, 128))
2014-02-18 09:30:31: INFO     @ <pyramid.phasemap>:    Calling __sub__
2014-02-18 09:30:31: INFO     @ <pyramid.phasemap>:    Calling __neg__
2014-02-18 09:30:31: INFO     @ <pyramid.phasemap>:    Calling __str__
2014-02-18 09:30:31: INFO     @ <pyramid.phasemap>:    Created PhaseMap(a=1.0, dim_uv=(128, 128))
2014-02-18 09:30:31: INFO     @ <pyramid.phasemap>:    Calling __add__
2014-02-18 09:30:31: INFO     @ <pyramid.phasemap>:    Adding two PhaseMap objects
2014-02-18 09:30:31: INFO     @ <pyramid.phasemap>:    Calling __str__
2014-02-18 09:30:31: INFO     @ <pyramid.phasemap>:    Created PhaseMap(a=1.0, dim_uv=(128, 128))
2014-02-18 09:30:31: INFO     @ <pyramid.phasemap>:    Calling display_phase
2014-02-18 09:30:31: INFO     @ <pyramid.projector>:    Calling as function
2014-02-18 09:30:31: INFO     @ <pyramid.projector>:    mode == vector
2014-02-18 09:30:31: INFO     @ <pyramid.projector>:    Calling _vector_field_projection
2014-02-18 09:30:32: INFO     @ <pyramid.phasemap>:    Calling __str__
2014-02-18 09:30:32: INFO     @ <pyramid.phasemap>:    Created PhaseMap(a=1.0, dim_uv=(128, 128))
2014-02-18 09:30:32: INFO     @ <pyramid.phasemap>:    Calling __sub__
2014-02-18 09:30:32: INFO     @ <pyramid.phasemap>:    Calling __neg__
2014-02-18 09:30:32: INFO     @ <pyramid.phasemap>:    Calling __str__
2014-02-18 09:30:32: INFO     @ <pyramid.phasemap>:    Created PhaseMap(a=1.0, dim_uv=(128, 128))
2014-02-18 09:30:32: INFO     @ <pyramid.phasemap>:    Calling __add__
2014-02-18 09:30:32: INFO     @ <pyramid.phasemap>:    Adding two PhaseMap objects
2014-02-18 09:30:32: INFO     @ <pyramid.phasemap>:    Calling __str__
2014-02-18 09:30:32: INFO     @ <pyramid.phasemap>:    Created PhaseMap(a=1.0, dim_uv=(128, 128))
2014-02-18 09:30:32: INFO     @ <pyramid.phasemap>:    Calling __isub__
2014-02-18 09:30:32: INFO     @ <pyramid.phasemap>:    Calling __sub__
2014-02-18 09:30:32: INFO     @ <pyramid.phasemap>:    Calling __add__
2014-02-18 09:30:32: INFO     @ <pyramid.phasemap>:    Adding an offset
2014-02-18 09:30:32: INFO     @ <pyramid.phasemap>:    Calling __str__
2014-02-18 09:30:32: INFO     @ <pyramid.phasemap>:    Created PhaseMap(a=1.0, dim_uv=(128, 128))
2014-02-18 09:30:32: INFO     @ <pyramid.phasemap>:    Calling display_phase
2014-02-18 09:30:33: INFO     @ <pyramid.projector>:    Calling __init__
2014-02-18 09:30:33: INFO     @ <pyramid.projector>:    Calling __init__
2014-02-18 09:30:33: INFO     @ <pyramid.projector>:    Created <pyramid.projector.SimpleProjector object at 0x0DC7EB70>
2014-02-18 09:30:33: INFO     @ <pyramid.projector>:    Created <pyramid.projector.SimpleProjector object at 0x0DC7EB70>
2014-02-18 09:30:33: INFO     @ <pyramid.phasemap>:    Calling __str__
2014-02-18 09:30:33: INFO     @ <pyramid.phasemap>:    Created PhaseMap(a=1.0, dim_uv=(128, 128))
2014-02-18 09:30:33: INFO     @ <pyramid.phasemap>:    Calling __str__
2014-02-18 09:30:33: INFO     @ <pyramid.phasemap>:    Created PhaseMap(a=1.0, dim_uv=(128, 128))
